C:\USERS\LENOVO\DESKTOP\OLD\USBIPC\USBIPC\RELEASE\USBIP_VBUS_UI.OBJ
C:\USERS\LENOVO\DESKTOP\OLD\USBIPC\USBIPC\RELEASE\USBIP_NETWORK.OBJ
C:\USERS\LENOVO\DESKTOP\OLD\USBIPC\USBIPC\RELEASE\USBIP_COMMON.OBJ
C:\USERS\LENOVO\DESKTOP\OLD\USBIPC\USBIPC\RELEASE\USBIP.OBJ
C:\USERS\LENOVO\DESKTOP\OLD\USBIPC\USBIPC\RELEASE\GETOPT_LONG.OBJ
C:\USERS\LENOVO\DESKTOP\OLD\USBIPC\USBIPC\RELEASE\GETOPT.OBJ
C:\USERS\LENOVO\DESKTOP\OLD\USBIPC\RELEASE\USBIPC.DLL
C:\USERS\LENOVO\DESKTOP\OLD\USBIPC\RELEASE\USBIPC.PDB
C:\Users\lenovo\Desktop\old\USBIPC\Release\USBIPC.lib
C:\Users\lenovo\Desktop\old\USBIPC\Release\USBIPC.exp
C:\Users\lenovo\Desktop\old\USBIPC\USBIPC\Release\getopt.obj
C:\Users\lenovo\Desktop\old\USBIPC\USBIPC\Release\getopt_long.obj
C:\Users\lenovo\Desktop\old\USBIPC\USBIPC\Release\usbip.obj
C:\Users\lenovo\Desktop\old\USBIPC\USBIPC\Release\usbip_common.obj
C:\Users\lenovo\Desktop\old\USBIPC\USBIPC\Release\usbip_network.obj
C:\Users\lenovo\Desktop\old\USBIPC\USBIPC\Release\usbip_vbus_ui.obj
C:\Users\lenovo\Desktop\old\USBIPC\USBIPC\Release\cl.command.1.tlog
C:\Users\lenovo\Desktop\old\USBIPC\USBIPC\Release\CL.read.1.tlog
C:\Users\lenovo\Desktop\old\USBIPC\USBIPC\Release\CL.write.1.tlog
C:\Users\lenovo\Desktop\old\USBIPC\USBIPC\Release\link-cvtres.read.1.tlog
C:\Users\lenovo\Desktop\old\USBIPC\USBIPC\Release\link-cvtres.write.1.tlog
C:\Users\lenovo\Desktop\old\USBIPC\USBIPC\Release\link-rc.read.1.tlog
C:\Users\lenovo\Desktop\old\USBIPC\USBIPC\Release\link-rc.write.1.tlog
C:\Users\lenovo\Desktop\old\USBIPC\USBIPC\Release\link.command.1.tlog
C:\Users\lenovo\Desktop\old\USBIPC\USBIPC\Release\link.read.1.tlog
C:\Users\lenovo\Desktop\old\USBIPC\USBIPC\Release\link.write.1.tlog
C:\Users\lenovo\Desktop\old\USBIPC\USBIPC\Release\USBIPC.write.1.tlog
C:\Users\lenovo\Desktop\old\USBIPC\Release\USBIPC.pdb
C:\Users\lenovo\Desktop\old\USBIPC\Release\USBIPC.dll
